Apache Maven 3.2.3 (33f8c3e1027c3ddde99d3cdebad2656a31e8fdf4; 2014-08-11T23:58:10+03:00)
Maven home: C:\Programming\Maven
Java version: 1.8.0_25, vendor: Oracle Corporation
Java home: C:\Program Files\Java\jdk1.8.0_25\jre
Default locale: ru_RU, platform encoding: Cp1251
OS name: "windows 8.1", version: "6.3", arch: "amd64", family: "dos"
[INFO] Error stacktraces are turned on.
[DEBUG] Reading global settings from C:\Programming\Maven\conf\settings.xml
[DEBUG] Reading user settings from C:\Users\vlasovartem\.m2\settings.xml
[DEBUG] Using local repository at C:\Users\vlasovartem\.m2\repository
[DEBUG] Using manager EnhancedLocalRepositoryManager with priority 10.0 for C:\Users\vlasovartem\.m2\repository
[INFO] Scanning for projects...
[DEBUG] Extension realms for project org.apache.maven:standalone-pom:pom:1: (none)
[DEBUG] Looking up lifecyle mappings for packaging pom from ClassRealm[plexus.core, parent: null]
[INFO] ------------------------------------------------------------------------
[INFO] BUILD FAILURE
[INFO] ------------------------------------------------------------------------
[INFO] Total time: 0.076 s
[INFO] Finished at: 2014-11-07T11:42:01+02:00
[INFO] Final Memory: 4M/77M
[INFO] ------------------------------------------------------------------------
[ERROR] The goal you specified requires a project to execute but there is no POM in this directory (C:\Users\vlasovartem\git\MyCity2). Please verify you invoked Maven from the correct directory. -> [Help 1]
org.apache.maven.lifecycle.MissingProjectException: The goal you specified requires a project to execute but there is no POM in this directory (C:\Users\vlasovartem\git\MyCity2). Please verify you invoked Maven from the correct directory.
	at org.apache.maven.lifecycle.internal.LifecycleStarter.execute(LifecycleStarter.java:80)
	at org.apache.maven.DefaultMaven.doExecute(DefaultMaven.java:347)
	at org.apache.maven.DefaultMaven.execute(DefaultMaven.java:154)
	at org.apache.maven.cli.MavenCli.execute(MavenCli.java:582)
	at org.apache.maven.cli.MavenCli.doMain(MavenCli.java:214)
	at org.apache.maven.cli.MavenCli.main(MavenCli.java:158)
	at sun.reflect.NativeMethodAccessorImpl.invoke0(Native Method)
	at sun.reflect.NativeMethodAccessorImpl.invoke(NativeMethodAccessorImpl.java:62)
	at sun.reflect.DelegatingMethodAccessorImpl.invoke(DelegatingMethodAccessorImpl.java:43)
	at java.lang.reflect.Method.invoke(Method.java:483)
	at org.codehaus.plexus.classworlds.launcher.Launcher.launchEnhanced(Launcher.java:289)
	at org.codehaus.plexus.classworlds.launcher.Launcher.launch(Launcher.java:229)
	at org.codehaus.plexus.classworlds.launcher.Launcher.mainWithExitCode(Launcher.java:415)
	at org.codehaus.plexus.classworlds.launcher.Launcher.main(Launcher.java:356)
[ERROR] 
[ERROR] 
[ERROR] For more information about the errors and possible solutions, please read the following articles:
[ERROR] [Help 1] http://cwiki.apache.org/confluence/display/MAVEN/MissingProjectException
